2019-09-16 16:43:31,969:INFO:Executing test01_Project_Add.
2019-09-16 16:43:31,970:INFO:Adding project with name- test00.
2019-09-16 16:43:48,153:INFO:Fetching project name.
2019-09-16 16:43:53,272:INFO:Project- test00, added successfully. Test-case Pass.
2019-09-16 16:43:53,272:INFO:Executing test02_Project_Configure.
2019-09-16 16:43:53,272:INFO:Configuring project- test00.
2019-09-16 16:44:14,030:INFO:Fetching user-role for project- test00.
2019-09-16 16:44:32,448:INFO:Project- test00 configured with user-role- rw-project:project-admin. Test-case Pass.
2019-09-16 16:44:32,449:INFO:Executing test03_Cloud_Account_Add.
2019-09-16 16:44:32,449:INFO:Adding cloud account- OpenStack with name- OS to project- test00.
2019-09-16 16:44:44,753:INFO:Fetching account-type for cloud-account- OS.
2019-09-16 16:44:58,368:INFO:Account- OS added for account-type openstack. Test-case Pass.
2019-09-16 16:44:58,369:INFO:Executing test04_Cloud_Account_Configure.
2019-09-16 16:44:58,369:INFO:Adding configuration to cloud-account- OS.
2019-09-16 16:45:29,289:INFO:Cloud-account OS added successfully. Test-case Pass.
2019-09-16 16:45:29,289:INFO:Executing test05_Package_Onboard.
2019-09-16 16:45:29,289:INFO:Adding package to project- test00.
2019-09-16 16:45:29,965:INFO:TransactionID for uploaded package- 4bc4b5c9-235e-4f9e-a877-91a48f3324f9.
2019-09-16 16:45:49,980:INFO:Checking status of uploaded package in project- test00.
2019-09-16 16:45:50,233:INFO:Package upload status- COMPLETED.
2019-09-16 16:45:55,238:INFO:Adding package to project- test00.
2019-09-16 16:45:55,996:INFO:TransactionID for uploaded package- 10dfe4cc-2753-4062-9190-e9e3b552d212.
2019-09-16 16:46:16,016:INFO:Checking status of uploaded package in project- test00.
2019-09-16 16:46:16,360:INFO:Package upload status- COMPLETED.
2019-09-16 16:46:21,365:INFO:Adding package to project- test00.
2019-09-16 16:46:22,166:INFO:TransactionID for uploaded package- 29c2bf5e-a84d-4a09-9ad5-385ff599a72c.
2019-09-16 16:46:42,171:INFO:Checking status of uploaded package in project- test00.
2019-09-16 16:46:42,337:INFO:Package upload status- COMPLETED.
2019-09-16 16:46:47,341:INFO:Ping VNFD, Pong VNFD & Ping_Pong NSD are uploaded in project- test00. Test-case Pass.
2019-09-16 16:46:47,342:INFO:Executing test06_NS_Create.
2019-09-16 16:46:47,342:INFO:Fetching NSD ID(s) from project- test00.
2019-09-16 16:46:47,676:INFO:Fetching NSD name(s) from project- test00.
2019-09-16 16:46:47,928:INFO:Available NSD(s)- ['ping_pong_nsd'].
2019-09-16 16:46:47,928:INFO:Creating NS with name- AutoTest and NSD ID- cc12e5cc-a650-11e9-b8ce-02420a40cc02.
2019-09-16 16:46:48,495:INFO:Generated NSR ID- 648dd53a-ed6e-4727-991f-6f0ad9a3d6c0.
2019-09-16 16:47:08,515:INFO:Fetching NS config for NSR ID: 648dd53a-ed6e-4727-991f-6f0ad9a3d6c0.
2019-09-16 16:47:17,172:INFO:Fetching NS name.
2019-09-16 16:47:22,173:INFO:NS instance name- AutoTest.
2019-09-16 16:47:22,173:INFO:Fetching NS config for NSR ID: 648dd53a-ed6e-4727-991f-6f0ad9a3d6c0.
2019-09-16 16:47:22,439:INFO:Fetching NS admin status.
2019-09-16 16:47:27,443:INFO:NS instance status- DISABLED.
2019-09-16 16:47:27,444:INFO:NS is created with name- AutoTest and current state is- DISABLED. Test-case Pass.
2019-09-16 16:47:27,444:INFO:Executing test07_NS_Instantiate.
2019-09-16 16:47:27,444:INFO:Instantiating NS with NSR ID- 648dd53a-ed6e-4727-991f-6f0ad9a3d6c0.
2019-09-16 16:47:27,790:INFO:Please wait while for a few minutes while instantiation is in progress.
2019-09-16 16:53:27,884:INFO:Fetching NS config for NSR ID: 648dd53a-ed6e-4727-991f-6f0ad9a3d6c0.
2019-09-16 16:53:28,211:INFO:Fetching NS admin status.
2019-09-16 16:53:33,212:INFO:NS instance status- ENABLED.
2019-09-16 16:53:33,213:INFO:Fetching operational-status of NS with NSR ID: 648dd53a-ed6e-4727-991f-6f0ad9a3d6c0.
2019-09-16 16:53:33,532:INFO:Current state of NS is- running.
2019-09-16 16:53:38,536:INFO:NS with ID- 648dd53a-ed6e-4727-991f-6f0ad9a3d6c0 instantiated successfully and is- running. Test-case Pass.
2019-09-16 16:53:38,536:INFO:Executing test08_NS_Terminate.
2019-09-16 16:53:38,536:INFO:Fetching operational-status of NS with NSR ID: 648dd53a-ed6e-4727-991f-6f0ad9a3d6c0.
2019-09-16 16:53:38,853:INFO:Current state of NS is- running.
2019-09-16 16:53:43,853:INFO:Terminating NS with NSR ID- 648dd53a-ed6e-4727-991f-6f0ad9a3d6c0.
2019-09-16 16:53:44,174:INFO:Please wait while terminating NS.
2019-09-16 16:55:44,274:INFO:Fetching NS config for NSR ID: 648dd53a-ed6e-4727-991f-6f0ad9a3d6c0.
2019-09-16 16:55:44,519:INFO:Fetching NS admin status.
2019-09-16 16:55:49,523:INFO:NS instance status- DISABLED.
2019-09-16 16:55:49,524:INFO:Fetching operational-status of NS with NSR ID: 648dd53a-ed6e-4727-991f-6f0ad9a3d6c0.
2019-09-16 16:55:49,768:INFO:Current state of NS is- terminated.
2019-09-16 16:55:54,773:INFO:NS with NSR ID- 648dd53a-ed6e-4727-991f-6f0ad9a3d6c0 terminated successfully. Test-case Pass.
2019-09-16 16:55:54,773:INFO:Executing test09_NS_Delete.
2019-09-16 16:55:54,773:INFO:Fetching NS config for NSR ID: 648dd53a-ed6e-4727-991f-6f0ad9a3d6c0.
2019-09-16 16:55:55,060:INFO:Fetching NS admin status.
2019-09-16 16:56:00,066:INFO:NS instance status- DISABLED.
2019-09-16 16:56:00,066:INFO:Fetching operational-status of NS with NSR ID: 648dd53a-ed6e-4727-991f-6f0ad9a3d6c0.
2019-09-16 16:56:00,234:INFO:Current state of NS is- terminated.
2019-09-16 16:56:05,240:INFO:Deleting NS with NSR ID- 648dd53a-ed6e-4727-991f-6f0ad9a3d6c0.
2019-09-16 16:56:05,600:INFO:Please wait while deleting NS.
2019-09-16 16:56:20,616:INFO:Fetching NS config for NSR ID: 648dd53a-ed6e-4727-991f-6f0ad9a3d6c0.
2019-09-16 16:56:20,823:INFO:Checking NS config.
2019-09-16 16:56:25,828:INFO:NS instance name- [].
2019-09-16 16:56:25,828:INFO:NS with NSR ID- 648dd53a-ed6e-4727-991f-6f0ad9a3d6c0 deleted successfully. Test-case Pass.
2019-09-16 16:56:25,829:INFO:Executing test10_Package_Delete.
2019-09-16 16:56:26,032:INFO:Collecting VNFD ID.
2019-09-16 16:56:26,032:INFO:Fetching VNFD ID(s) from project- test00.
2019-09-16 16:56:26,375:INFO:Collecting VNFD Name.
2019-09-16 16:56:26,375:INFO:Fetching VNFD name(s) from project- test00.
2019-09-16 16:56:26,582:INFO:Collecting NSD ID.
2019-09-16 16:56:26,594:INFO:Fetching NSD ID(s) from project- test00.
2019-09-16 16:56:26,795:INFO:Collecting NSD Name.
2019-09-16 16:56:26,795:INFO:Fetching NSD name(s) from project- test00.
2019-09-16 16:56:27,039:INFO:Available packages: {'ping_vnfd': 'cc1202ce-a650-11e9-b8ce-02420a40cc02', 'pong_vnfd': 'cc12969e-a650-11e9-b8ce-02420a40cc02', 'ping_pong_nsd': 'cc12e5cc-a650-11e9-b8ce-02420a40cc02'}.
2019-09-16 16:56:27,039:INFO:Deleting package: ping_pong_nsd with ID: cc12e5cc-a650-11e9-b8ce-02420a40cc02
2019-09-16 16:56:47,526:INFO:Collecting VNFD ID.
2019-09-16 16:56:47,526:INFO:Fetching VNFD ID(s) from project- test00.
2019-09-16 16:56:47,785:INFO:Collecting VNFD Name.
2019-09-16 16:56:47,785:INFO:Fetching VNFD name(s) from project- test00.
2019-09-16 16:56:48,026:INFO:Collecting NSD ID.
2019-09-16 16:56:48,026:INFO:Fetching NSD ID(s) from project- test00.
2019-09-16 16:56:48,180:INFO:NSD package(s) not available.
2019-09-16 16:56:48,180:INFO:Collecting NSD Name.
2019-09-16 16:56:48,180:INFO:Fetching NSD name(s) from project- test00.
2019-09-16 16:56:48,307:INFO:NSD package(s) not available.
2019-09-16 16:56:48,307:INFO:Available packages: {'ping_vnfd': 'cc1202ce-a650-11e9-b8ce-02420a40cc02', 'pong_vnfd': 'cc12969e-a650-11e9-b8ce-02420a40cc02'}.
2019-09-16 16:56:48,307:INFO:Deleting package: pong_vnfd with ID: cc12969e-a650-11e9-b8ce-02420a40cc02
2019-09-16 16:57:08,909:INFO:Collecting VNFD ID.
2019-09-16 16:57:08,911:INFO:Fetching VNFD ID(s) from project- test00.
2019-09-16 16:57:09,152:INFO:Collecting VNFD Name.
2019-09-16 16:57:09,152:INFO:Fetching VNFD name(s) from project- test00.
2019-09-16 16:57:09,373:INFO:Collecting NSD ID.
2019-09-16 16:57:09,373:INFO:Fetching NSD ID(s) from project- test00.
2019-09-16 16:57:09,518:INFO:NSD package(s) not available.
2019-09-16 16:57:09,518:INFO:Collecting NSD Name.
2019-09-16 16:57:09,518:INFO:Fetching NSD name(s) from project- test00.
2019-09-16 16:57:09,685:INFO:NSD package(s) not available.
2019-09-16 16:57:09,685:INFO:Available packages: {'ping_vnfd': 'cc1202ce-a650-11e9-b8ce-02420a40cc02'}.
2019-09-16 16:57:09,685:INFO:Deleting package: ping_vnfd with ID: cc1202ce-a650-11e9-b8ce-02420a40cc02
2019-09-16 16:57:30,316:INFO:Packages deleted successfully. Test-case Pass.
2019-09-16 16:57:30,316:INFO:Executing test11_Cloud_Account_Delete.
2019-09-16 16:57:30,316:INFO:Fetching cloud-account details for account with name- OS.
2019-09-16 16:57:50,975:INFO:Fetching cloud-account details for account with name- OS.
2019-09-16 16:57:56,184:INFO:Cloud account with name- OS deleted successfully. Test-case Pass.
2019-09-16 16:57:56,185:INFO:Executing test12_Project_Delete.
2019-09-16 16:57:56,185:INFO:Fetching project details for project- test00.
2019-09-16 16:58:01,335:INFO:Deleting project with name- test00.
2019-09-16 16:58:11,927:INFO:Fetching project details for project- test00.
2019-09-16 16:58:25,485:INFO:Project with name- test00 deleted successfully. Test-case Pass.
2019-09-16 16:58:25,485:INFO:Executing test01_Project_Add.
2019-09-16 16:58:25,485:INFO:Adding project with name- test01.
2019-09-16 16:58:41,620:INFO:Fetching project name.
2019-09-16 16:58:46,719:INFO:Project- test01, added successfully. Test-case Pass.
2019-09-16 16:58:46,719:INFO:Executing test02_Project_Configure.
2019-09-16 16:58:46,719:INFO:Configuring project- test01.
2019-09-16 16:59:07,417:INFO:Fetching user-role for project- test01.
2019-09-16 16:59:25,738:INFO:Project- test01 configured with user-role- rw-project:project-admin. Test-case Pass.
2019-09-16 16:59:25,739:INFO:Executing test03_Cloud_Account_Add.
2019-09-16 16:59:25,739:INFO:Adding cloud account- OpenStack with name- OS to project- test01.
2019-09-16 16:59:36,590:INFO:Fetching account-type for cloud-account- OS.
2019-09-16 16:59:41,731:INFO:Account- OS added for account-type openstack. Test-case Pass.
2019-09-16 16:59:41,732:INFO:Executing test04_Cloud_Account_Configure.
2019-09-16 16:59:41,732:INFO:Adding configuration to cloud-account- OS.
2019-09-16 17:00:12,637:INFO:Cloud-account OS added successfully. Test-case Pass.
2019-09-16 17:00:12,637:INFO:Executing test05_Discover_Resource.
2019-09-16 17:00:12,637:INFO:Discovering VIM resources.
2019-09-16 17:00:12,841:INFO:Please wait while resource-discovery is in progress.
2019-09-16 17:03:23,877:INFO:Resource discovery on account-name- OS is successful. Test-case Pass.
2019-09-16 17:03:23,878:INFO:Executing test06_Cloud_Account_Delete.
2019-09-16 17:03:23,878:INFO:Fetching cloud-account details for account with name- OS.
2019-09-16 17:03:44,441:INFO:Fetching cloud-account details for account with name- OS.
2019-09-16 17:03:49,617:INFO:Cloud account with name- OS deleted successfully. Test-case Pass.
2019-09-16 17:03:49,618:INFO:Executing test07_Project_Delete.
2019-09-16 17:03:49,618:INFO:Fetching project details for project- test01.
2019-09-16 17:03:54,795:INFO:Deleting project with name- test01.
2019-09-16 17:04:05,418:INFO:Fetching project details for project- test01.
2019-09-16 17:04:19,310:INFO:Project with name- test01 deleted successfully. Test-case Pass.
